[2025-04-26 15:55:37] Attempting to send OTP to email: osiasrussell@gmail.com
[2025-04-26 15:55:39] Failed to send OTP to email: osiasrussell@gmail.com. Error: SMTP Error: Could not authenticate.
[2025-04-26 16:02:49] Attempting to send OTP to email: osiasrussell@gmail.com
[2025-04-26 16:02:53] OTP successfully sent to email: osiasrussell@gmail.com
[2025-04-26 16:04:33] Attempting to send OTP to email: osiasrussell@gmail.com
[2025-04-26 16:04:36] OTP successfully sent to email: osiasrussell@gmail.com
[2025-05-01 13:31:31] Attempting to send OTP to email: markjohnjopia1@gmail.com
[2025-05-01 13:31:35] OTP successfully sent to email: markjohnjopia1@gmail.com
[2025-05-01 13:36:32] Attempting to send OTP to email: cocnambawan@gmail.com
[2025-05-01 13:36:36] OTP successfully sent to email: cocnambawan@gmail.com
[2025-05-01 13:40:13] Attempting to send OTP to email: markjohnjopia1@gmail.com
[2025-05-01 13:40:16] OTP successfully sent to email: markjohnjopia1@gmail.com
[2025-05-01 14:14:25] Attempting to send OTP to email: markjohnjopia1@gmail.com
[2025-05-01 14:14:29] OTP successfully sent to email: markjohnjopia1@gmail.com
[2025-05-01 15:10:17] Attempting to send OTP to email: markjohnjopia1@gmail.com
[2025-05-01 15:10:22] OTP successfully sent to email: markjohnjopia1@gmail.com
[2025-05-01 15:15:22] Attempting to send OTP to email: cocnambawan@gmail.com
[2025-05-01 15:15:27] OTP successfully sent to email: cocnambawan@gmail.com
[2025-05-28 19:00:09] Attempting to send OTP to email: osiasrussell@gmail.com
[2025-05-28 19:00:13] OTP successfully sent to email: osiasrussell@gmail.com
[2025-05-29 20:45:31] Attempting to send OTP to email: osiasrussell@gmail.com
[2025-05-29 20:45:35] OTP successfully sent to email: osiasrussell@gmail.com
[2025-05-29 21:45:24] Attempting to send OTP to email: osiasrussell@gmail.com
[2025-05-29 21:45:28] OTP successfully sent to email: osiasrussell@gmail.com
[2025-05-29 22:47:29] Attempting to send OTP to email: osiasrussell@gmail.com
[2025-05-29 22:47:33] OTP successfully sent to email: osiasrussell@gmail.com
[2025-05-29 22:54:15] Attempting to send OTP to email: osiasrussell@gmail.com
[2025-05-29 22:54:19] OTP successfully sent to email: osiasrussell@gmail.com
[2025-05-29 23:01:49] Attempting to send OTP to email: osiasrussell@gmail.com
[2025-05-29 23:01:52] OTP successfully sent to email: osiasrussell@gmail.com
[2025-05-29 23:27:40] Attempting to send OTP to email: osiasrussell@gmail.com
[2025-05-29 23:27:44] OTP successfully sent to email: osiasrussell@gmail.com
[2025-05-29 23:32:35] Attempting to send OTP to email: osiasrussell@gmail.com
[2025-05-29 23:32:38] OTP successfully sent to email: osiasrussell@gmail.com
[2025-05-29 23:34:00] Attempting to send OTP to email: osiasrussell@gmail.com
[2025-05-29 23:34:04] OTP successfully sent to email: osiasrussell@gmail.com
