SERVER -> CLIENT: 220 smtp.gmail.com ESMTP d9443c01a7336-22db4d76c17sm44863555ad.8 - gsmtp
CLIENT -> SERVER: EHLO localhost
SERVER -> CLIENT: 250-smtp.gmail.com at your service, [216.247.53.153]
250-SIZE 35882577
250-8BITMIME
250-STARTTLS
250-ENHANCEDSTATUSCODES
250-PIPELINING
250-CHUNKING
250 SMTPUTF8
CLIENT -> SERVER: STARTTLS
SERVER -> CLIENT: 220 2.0.0 Ready to start TLS
CLIENT -> SERVER: EHLO localhost
SERVER -> CLIENT: 250-smtp.gmail.com at your service, [216.247.53.153]
250-SIZE 35882577
250-8BITMIME
250-AUTH LOGIN PLAIN XOAUTH2 PLAIN-CLIENTTOKEN OAUTHBEARER XOAUTH
250-ENHANCEDSTATUSCODES
250-PIPELINING
250-CHUNKING
250 SMTPUTF8
CLIENT -> SERVER: AUTH LOGIN
SERVER -> CLIENT: 334 VXNlcm5hbWU6
CLIENT -> SERVER: [credentials hidden]SERVER -> CLIENT: 334 UGFzc3dvcmQ6
CLIENT -> SERVER: [credentials hidden]SERVER -> CLIENT: 535-5.7.8 Username and Password not accepted. For more information, go to
535 5.7.8  https://support.google.com/mail/?p=BadCredentials d9443c01a7336-22db4d76c17sm44863555ad.8 - gsmtp
SMTP ERROR: Password command failed: 535-5.7.8 Username and Password not accepted. For more information, go to
535 5.7.8  https://support.google.com/mail/?p=BadCredentials d9443c01a7336-22db4d76c17sm44863555ad.8 - gsmtp
SMTP Error: Could not authenticate.CLIENT -> SERVER: QUIT
SERVER -> CLIENT: 221 2.0.0 closing connection d9443c01a7336-22db4d76c17sm44863555ad.8 - gsmtp
SMTP Error: Could not authenticate.SERVER -> CLIENT: 220 smtp.gmail.com ESMTP 98e67ed59e1d1-309f784ac3fsm2978218a91.45 - gsmtp
CLIENT -> SERVER: EHLO localhost
SERVER -> CLIENT: 250-smtp.gmail.com at your service, [216.247.53.153]
250-SIZE 35882577
250-8BITMIME
250-STARTTLS
250-ENHANCEDSTATUSCODES
250-PIPELINING
250-CHUNKING
250 SMTPUTF8
CLIENT -> SERVER: STARTTLS
SERVER -> CLIENT: 220 2.0.0 Ready to start TLS
CLIENT -> SERVER: EHLO localhost
SERVER -> CLIENT: 250-smtp.gmail.com at your service, [216.247.53.153]
250-SIZE 35882577
250-8BITMIME
250-AUTH LOGIN PLAIN XOAUTH2 PLAIN-CLIENTTOKEN OAUTHBEARER XOAUTH
250-ENHANCEDSTATUSCODES
250-PIPELINING
250-CHUNKING
250 SMTPUTF8
CLIENT -> SERVER: AUTH LOGIN
SERVER -> CLIENT: 334 VXNlcm5hbWU6
CLIENT -> SERVER: [credentials hidden]SERVER -> CLIENT: 334 UGFzc3dvcmQ6
CLIENT -> SERVER: [credentials hidden]SERVER -> CLIENT: 235 2.7.0 Accepted
CLIENT -> SERVER: MAIL FROM:<valoaccs1928@gmail.com>
SERVER -> CLIENT: 250 2.1.0 OK 98e67ed59e1d1-309f784ac3fsm2978218a91.45 - gsmtp
CLIENT -> SERVER: RCPT TO:<osiasrussell@gmail.com>
SERVER -> CLIENT: 250 2.1.5 OK 98e67ed59e1d1-309f784ac3fsm2978218a91.45 - gsmtp
CLIENT -> SERVER: DATA
SERVER -> CLIENT: 354 Go ahead 98e67ed59e1d1-309f784ac3fsm2978218a91.45 - gsmtp
CLIENT -> SERVER: Date: Sat, 26 Apr 2025 16:02:49 +0800
CLIENT -> SERVER: To: osiasrussell@gmail.com
CLIENT -> SERVER: From: Verification Code <valoaccs1928@gmail.com>
CLIENT -> SERVER: Subject: WeCare Verification Code
CLIENT -> SERVER: Message-ID: <Zb54SEzd46pSr2cyFTGe93wzXE3amMLrjCAFCW7zk@localhost>
CLIENT -> SERVER: X-Mailer: PHPMailer 6.9.3 (https://github.com/PHPMailer/PHPMailer)
CLIENT -> SERVER: MIME-Version: 1.0
CLIENT -> SERVER: Content-Type: text/html; charset=iso-8859-1
CLIENT -> SERVER: 
CLIENT -> SERVER: Your OTP is: <b>219039</b>
CLIENT -> SERVER: 
CLIENT -> SERVER: .
SERVER -> CLIENT: 250 2.0.0 OK  1745654574 98e67ed59e1d1-309f784ac3fsm2978218a91.45 - gsmtp
CLIENT -> SERVER: QUIT
SERVER -> CLIENT: 221 2.0.0 closing connection 98e67ed59e1d1-309f784ac3fsm2978218a91.45 - gsmtp
SERVER -> CLIENT: 220 smtp.gmail.com ESMTP d9443c01a7336-22db5216b08sm44816185ad.217 - gsmtp
CLIENT -> SERVER: EHLO localhost
SERVER -> CLIENT: 250-smtp.gmail.com at your service, [216.247.53.153]
250-SIZE 35882577
250-8BITMIME
250-STARTTLS
250-ENHANCEDSTATUSCODES
250-PIPELINING
250-CHUNKING
250 SMTPUTF8
CLIENT -> SERVER: STARTTLS
SERVER -> CLIENT: 220 2.0.0 Ready to start TLS
CLIENT -> SERVER: EHLO localhost
SERVER -> CLIENT: 250-smtp.gmail.com at your service, [216.247.53.153]
250-SIZE 35882577
250-8BITMIME
250-AUTH LOGIN PLAIN XOAUTH2 PLAIN-CLIENTTOKEN OAUTHBEARER XOAUTH
250-ENHANCEDSTATUSCODES
250-PIPELINING
250-CHUNKING
250 SMTPUTF8
CLIENT -> SERVER: AUTH LOGIN
SERVER -> CLIENT: 334 VXNlcm5hbWU6
CLIENT -> SERVER: [credentials hidden]SERVER -> CLIENT: 334 UGFzc3dvcmQ6
CLIENT -> SERVER: [credentials hidden]SERVER -> CLIENT: 235 2.7.0 Accepted
CLIENT -> SERVER: MAIL FROM:<valoaccs1928@gmail.com>
SERVER -> CLIENT: 250 2.1.0 OK d9443c01a7336-22db5216b08sm44816185ad.217 - gsmtp
CLIENT -> SERVER: RCPT TO:<osiasrussell@gmail.com>
SERVER -> CLIENT: 250 2.1.5 OK d9443c01a7336-22db5216b08sm44816185ad.217 - gsmtp
CLIENT -> SERVER: DATA
SERVER -> CLIENT: 354 Go ahead d9443c01a7336-22db5216b08sm44816185ad.217 - gsmtp
CLIENT -> SERVER: Date: Sat, 26 Apr 2025 16:04:33 +0800
CLIENT -> SERVER: To: osiasrussell@gmail.com
CLIENT -> SERVER: From: Verification Code <valoaccs1928@gmail.com>
CLIENT -> SERVER: Subject: WeCare Verification Code
CLIENT -> SERVER: Message-ID: <ev3Zm2J7qgIXdnW97unaWfIOnWr8Ugb3WLkH0gIcVA@localhost>
CLIENT -> SERVER: X-Mailer: PHPMailer 6.9.3 (https://github.com/PHPMailer/PHPMailer)
CLIENT -> SERVER: MIME-Version: 1.0
CLIENT -> SERVER: Content-Type: text/html; charset=iso-8859-1
CLIENT -> SERVER: 
CLIENT -> SERVER: Your OTP is: <b>678376</b>
CLIENT -> SERVER: 
CLIENT -> SERVER: .
SERVER -> CLIENT: 250 2.0.0 OK  1745654677 d9443c01a7336-22db5216b08sm44816185ad.217 - gsmtp
CLIENT -> SERVER: QUIT
SERVER -> CLIENT: 221 2.0.0 closing connection d9443c01a7336-22db5216b08sm44816185ad.217 - gsmtp
